# JRE version: OpenJDK Runtime Environment (11.0.10) (build 11.0.10+0-b96-7249189)
# Java VM: OpenJDK 64-Bit Server VM (11.0.10+0-b96-7249189, mixed mode, tiered, compressed oops, g1 gc, windows-amd64)
Heap:
 garbage-first heap   total 572416K, used 407558K [0x0000000080000000, 0x0000000100000000)
  region size 1024K, 193 young (197632K), 12 survivors (12288K)
 Metaspace       used 134612K, capacity 138394K, committed 138620K, reserved 1169408K
  class space    used 16656K, capacity 18052K, committed 18124K, reserved 1048576K
GC Heap History (20 events):
Event: 474.672 GC heap before
{Heap before GC invocations=182 (full 0):
 garbage-first heap   total 572416K, used 471298K [0x0000000080000000, 0x0000000100000000)
  region size 1024K, 254 young (260096K), 13 survivors (13312K)
 Metaspace       used 134283K, capacity 137984K, committed 138236K, reserved 1169408K
  class space    used 16620K, capacity 17984K, committed 17996K, reserved 1048576K
}
Event: 474.701 GC heap after
{Heap after GC invocations=183 (full 0):
 garbage-first heap   total 572416K, used 226565K [0x0000000080000000, 0x0000000100000000)
  region size 1024K, 16 young (16384K), 16 survivors (16384K)
 Metaspace       used 134283K, capacity 137984K, committed 138236K, reserved 1169408K
  class space    used 16620K, capacity 17984K, committed 17996K, reserved 1048576K
}
Event: 474.770 GC heap before
{Heap before GC invocations=183 (full 0):
 garbage-first heap   total 572416K, used 236805K [0x0000000080000000, 0x0000000100000000)
  region size 1024K, 27 young (27648K), 16 survivors (16384K)
 Metaspace       used 134283K, capacity 137984K, committed 138236K, reserved 1169408K
  class space    used 16620K, capacity 17984K, committed 17996K, reserved 1048576K
}
Event: 474.798 GC heap after
{Heap after GC invocations=184 (full 0):
 garbage-first heap   total 572416K, used 215825K [0x0000000080000000, 0x0000000100000000)
  region size 1024K, 3 young (3072K), 3 survivors (3072K)
 Metaspace       used 134283K, capacity 137984K, committed 138236K, reserved 1169408K
  class space    used 16620K, capacity 17984K, committed 17996K, reserved 1048576K
}
Event: 476.363 GC heap before
{Heap before GC invocations=184 (full 0):
 garbage-first heap   total 572416K, used 471825K [0x0000000080000000, 0x0000000100000000)
  region size 1024K, 252 young (258048K), 3 survivors (3072K)
 Metaspace       used 134445K, capacity 138219K, committed 138364K, reserved 1169408K
  class space    used 16644K, capacity 18041K, committed 18124K, reserved 1048576K
}
Event: 476.382 GC heap after
{Heap after GC invocations=185 (full 0):
 garbage-first heap   total 572416K, used 221777K [0x0000000080000000, 0x0000000100000000)
  region size 1024K, 8 young (8192K), 8 survivors (8192K)
 Metaspace       used 134445K, capacity 138219K, committed 138364K, reserved 1169408K
  class space    used 16644K, capacity 18041K, committed 18124K, reserved 1048576K
}
Event: 478.027 GC heap before
{Heap before GC invocations=185 (full 0):
 garbage-first heap   total 572416K, used 475729K [0x0000000080000000, 0x0000000100000000)
  region size 1024K, 256 young (262144K), 8 survivors (8192K)
 Metaspace       used 134480K, capacity 138236K, committed 138364K, reserved 1169408K
  class space    used 16647K, capacity 18046K, committed 18124K, reserved 1048576K
}
Event: 478.048 GC heap after
{Heap after GC invocations=186 (full 0):
 garbage-first heap   total 572416K, used 231325K [0x0000000080000000, 0x0000000100000000)
  region size 1024K, 18 young (18432K), 18 survivors (18432K)
 Metaspace       used 134480K, capacity 138236K, committed 138364K, reserved 1169408K
  class space    used 16647K, capacity 18046K, committed 18124K, reserved 1048576K
}
Event: 479.103 GC heap before
{Heap before GC invocations=186 (full 0):
 garbage-first heap   total 572416K, used 474013K [0x0000000080000000, 0x0000000100000000)
  region size 1024K, 255 young (261120K), 18 survivors (18432K)
 Metaspace       used 134495K, capacity 138244K, committed 138364K, reserved 1169408K
  class space    used 16647K, capacity 18047K, committed 18124K, reserved 1048576K
}
Event: 479.137 GC heap after
{Heap after GC invocations=187 (full 0):
 garbage-first heap   total 572416K, used 231661K [0x0000000080000000, 0x0000000100000000)
  region size 1024K, 15 young (15360K), 15 survivors (15360K)
 Metaspace       used 134495K, capacity 138244K, committed 138364K, reserved 1169408K
  class space    used 16647K, capacity 18047K, committed 18124K, reserved 1048576K
}
Event: 480.289 GC heap before
{Heap before GC invocations=188 (full 0):
 garbage-first heap   total 572416K, used 478445K [0x0000000080000000, 0x0000000100000000)
  region size 1024K, 256 young (262144K), 15 survivors (15360K)
 Metaspace       used 134554K, capacity 138323K, committed 138620K, reserved 1169408K
  class space    used 16653K, capacity 18050K, committed 18124K, reserved 1048576K
}
Event: 480.318 GC heap after
{Heap after GC invocations=189 (full 0):
 garbage-first heap   total 572416K, used 233801K [0x0000000080000000, 0x0000000100000000)
  region size 1024K, 17 young (17408K), 17 survivors (17408K)
 Metaspace       used 134554K, capacity 138323K, committed 138620K, reserved 1169408K
  class space    used 16653K, capacity 18050K, committed 18124K, reserved 1048576K
}
Event: 480.363 GC heap before
{Heap before GC invocations=189 (full 0):
 garbage-first heap   total 572416K, used 244041K [0x0000000080000000, 0x0000000100000000)
  region size 1024K, 27 young (27648K), 17 survivors (17408K)
 Metaspace       used 134555K, capacity 138323K, committed 138620K, reserved 1169408K
  class space    used 16653K, capacity 18050K, committed 18124K, reserved 1048576K
}
Event: 480.393 GC heap after
{Heap after GC invocations=190 (full 0):
 garbage-first heap   total 572416K, used 195675K [0x0000000080000000, 0x0000000100000000)
  region size 1024K, 2 young (2048K), 2 survivors (2048K)
 Metaspace       used 134555K, capacity 138323K, committed 138620K, reserved 1169408K
  class space    used 16653K, capacity 18050K, committed 18124K, reserved 1048576K
}
Event: 481.364 GC heap before
{Heap before GC invocations=190 (full 0):
 garbage-first heap   total 572416K, used 472155K [0x0000000080000000, 0x0000000100000000)
  region size 1024K, 270 young (276480K), 2 survivors (2048K)
 Metaspace       used 134590K, capacity 138330K, committed 138620K, reserved 1169408K
  class space    used 16656K, capacity 18052K, committed 18124K, reserved 1048576K
}
Event: 481.398 GC heap after
{Heap after GC invocations=191 (full 0):
 garbage-first heap   total 572416K, used 217179K [0x0000000080000000, 0x0000000100000000)
  region size 1024K, 23 young (23552K), 23 survivors (23552K)
 Metaspace       used 134590K, capacity 138330K, committed 138620K, reserved 1169408K
  class space    used 16656K, capacity 18052K, committed 18124K, reserved 1048576K
}
Event: 482.226 GC heap before
{Heap before GC invocations=191 (full 0):
 garbage-first heap   total 572416K, used 468059K [0x0000000080000000, 0x0000000100000000)
  region size 1024K, 268 young (274432K), 23 survivors (23552K)
 Metaspace       used 134599K, capacity 138330K, committed 138620K, reserved 1169408K
  class space    used 16656K, capacity 18052K, committed 18124K, reserved 1048576K
}
Event: 482.254 GC heap after
{Heap after GC invocations=192 (full 0):
 garbage-first heap   total 572416K, used 220201K [0x0000000080000000, 0x0000000100000000)
  region size 1024K, 9 young (9216K), 9 survivors (9216K)
 Metaspace       used 134599K, capacity 138330K, committed 138620K, reserved 1169408K
  class space    used 16656K, capacity 18052K, committed 18124K, reserved 1048576K
}
Event: 483.716 GC heap before
{Heap before GC invocations=192 (full 0):
 garbage-first heap   total 572416K, used 473129K [0x0000000080000000, 0x0000000100000000)
  region size 1024K, 256 young (262144K), 9 survivors (9216K)
 Metaspace       used 134608K, capacity 138394K, committed 138620K, reserved 1169408K
  class space    used 16656K, capacity 18052K, committed 18124K, reserved 1048576K
}
Event: 483.734 GC heap after
{Heap after GC invocations=193 (full 0):
 garbage-first heap   total 572416K, used 223238K [0x0000000080000000, 0x0000000100000000)
  region size 1024K, 12 young (12288K), 12 survivors (12288K)
 Metaspace       used 134608K, capacity 138394K, committed 138620K, reserved 1169408K
  class space    used 16656K, capacity 18052K, committed 18124K, reserved 1048576K
}

